app/build/intermediates/manifest_merge_blame_file/debug/manifest-merger-blame-debug-report.txt
1<?xml version="1.0" encoding="utf-8"?>
2<manifest xmlns:android="http://schemas.android.com/apk/res/android"
3    package="com.multiclone.app.debug"
4    android:versionCode="1"
5    android:versionName="1.0.0-debug" >
6
7    <uses-sdk
8        android:minSdkVersion="26"
8-->src/main/AndroidManifest.xml
9        android:targetSdkVersion="34" />
9-->src/main/AndroidManifest.xml
10
11    <!-- App cloning and virtualization permissions -->
12    <uses-permission android:name="android.permission.QUERY_ALL_PACKAGES" />
12-->src/main/AndroidManifest.xml:6:5-7:53
12-->src/main/AndroidManifest.xml:6:22-74
13    <uses-permission android:name="android.permission.REQUEST_INSTALL_PACKAGES" />
13-->src/main/AndroidManifest.xml:8:5-83
13-->src/main/AndroidManifest.xml:8:22-80
14    <uses-permission android:name="android.permission.REQUEST_DELETE_PACKAGES" />
14-->src/main/AndroidManifest.xml:9:5-82
14-->src/main/AndroidManifest.xml:9:22-79
15    <uses-permission android:name="android.permission.INSTALL_PACKAGES" />
15-->src/main/AndroidManifest.xml:10:5-11:47
15-->src/main/AndroidManifest.xml:10:22-72
16
17    <!-- Storage permissions for saving clone data -->
18    <uses-permission android:name="android.permission.READ_EXTERNAL_STORAGE" />
18-->src/main/AndroidManifest.xml:14:5-80
18-->src/main/AndroidManifest.xml:14:22-77
19    <uses-permission
19-->src/main/AndroidManifest.xml:15:5-16:38
20        android:name="android.permission.WRITE_EXTERNAL_STORAGE"
20-->src/main/AndroidManifest.xml:15:22-78
21        android:maxSdkVersion="29" />
21-->src/main/AndroidManifest.xml:16:9-35
22    <uses-permission android:name="android.permission.MANAGE_EXTERNAL_STORAGE" />
22-->src/main/AndroidManifest.xml:17:5-18:40
22-->src/main/AndroidManifest.xml:17:22-79
23
24    <!-- Shortcut permissions -->
25    <uses-permission android:name="com.android.launcher.permission.INSTALL_SHORTCUT" />
25-->src/main/AndroidManifest.xml:21:5-88
25-->src/main/AndroidManifest.xml:21:22-85
26    <uses-permission android:name="com.android.launcher.permission.UNINSTALL_SHORTCUT" />
26-->src/main/AndroidManifest.xml:22:5-90
26-->src/main/AndroidManifest.xml:22:22-87
27
28    <!-- Required for running processes in background -->
29    <uses-permission android:name="android.permission.FOREGROUND_SERVICE" />
29-->src/main/AndroidManifest.xml:25:5-77
29-->src/main/AndroidManifest.xml:25:22-74
30    <uses-permission android:name="android.permission.WAKE_LOCK" />
30-->src/main/AndroidManifest.xml:26:5-68
30-->src/main/AndroidManifest.xml:26:22-65
31    <uses-permission android:name="android.permission.ACCESS_NETWORK_STATE" />
31-->[androidx.work:work-runtime:2.8.1] AndroidManifest.xml:24:5-79
31-->[androidx.work:work-runtime:2.8.1] AndroidManifest.xml:24:22-76
32    <uses-permission android:name="android.permission.RECEIVE_BOOT_COMPLETED" />
32-->[androidx.work:work-runtime:2.8.1] AndroidManifest.xml:25:5-81
32-->[androidx.work:work-runtime:2.8.1] AndroidManifest.xml:25:22-78
33
34    <permission
34-->[androidx.core:core:1.10.0] AndroidManifest.xml:22:5-24:47
35        android:name="com.multiclone.app.debug.DYNAMIC_RECEIVER_NOT_EXPORTED_PERMISSION"
35-->[androidx.core:core:1.10.0] AndroidManifest.xml:23:9-81
36        android:protectionLevel="signature" />
36-->[androidx.core:core:1.10.0] AndroidManifest.xml:24:9-44
37
38    <uses-permission android:name="com.multiclone.app.debug.DYNAMIC_RECEIVER_NOT_EXPORTED_PERMISSION" />
38-->[androidx.core:core:1.10.0] AndroidManifest.xml:26:5-97
38-->[androidx.core:core:1.10.0] AndroidManifest.xml:26:22-94
39
40    <application
40-->src/main/AndroidManifest.xml:28:5-88:19
41        android:name="com.multiclone.app.MultiCloneApplication"
41-->src/main/AndroidManifest.xml:29:9-46
42        android:allowBackup="true"
42-->src/main/AndroidManifest.xml:30:9-35
43        android:appComponentFactory="androidx.core.app.CoreComponentFactory"
43-->[androidx.core:core:1.10.0] AndroidManifest.xml:28:18-86
44        android:dataExtractionRules="@xml/data_extraction_rules"
44-->src/main/AndroidManifest.xml:31:9-65
45        android:debuggable="true"
46        android:extractNativeLibs="false"
47        android:fullBackupContent="@xml/backup_rules"
47-->src/main/AndroidManifest.xml:32:9-54
48        android:icon="@mipmap/ic_launcher"
48-->src/main/AndroidManifest.xml:33:9-43
49        android:label="@string/app_name"
49-->src/main/AndroidManifest.xml:34:9-41
50        android:requestLegacyExternalStorage="true"
50-->src/main/AndroidManifest.xml:38:9-52
51        android:roundIcon="@mipmap/ic_launcher_round"
51-->src/main/AndroidManifest.xml:35:9-54
52        android:supportsRtl="true"
52-->src/main/AndroidManifest.xml:36:9-35
53        android:theme="@style/Theme.MultiCloneApp" >
53-->src/main/AndroidManifest.xml:37:9-51
54        <activity
54-->src/main/AndroidManifest.xml:41:9-50:20
55            android:name="com.multiclone.app.MainActivity"
55-->src/main/AndroidManifest.xml:42:13-41
56            android:exported="true"
56-->src/main/AndroidManifest.xml:43:13-36
57            android:launchMode="singleTask"
57-->src/main/AndroidManifest.xml:44:13-44
58            android:theme="@style/Theme.MultiCloneApp" >
58-->src/main/AndroidManifest.xml:45:13-55
59            <intent-filter>
59-->src/main/AndroidManifest.xml:46:13-49:29
60                <action android:name="android.intent.action.MAIN" />
60-->src/main/AndroidManifest.xml:47:17-69
60-->src/main/AndroidManifest.xml:47:25-66
61
62                <category android:name="android.intent.category.LAUNCHER" />
62-->src/main/AndroidManifest.xml:48:17-77
62-->src/main/AndroidManifest.xml:48:27-74
63            </intent-filter>
64        </activity>
65
66        <!-- Proxy activity for launching cloned apps -->
67        <activity
67-->src/main/AndroidManifest.xml:53:9-70:20
68            android:name="com.multiclone.app.CloneProxyActivity"
68-->src/main/AndroidManifest.xml:54:13-47
69            android:exported="true"
69-->src/main/AndroidManifest.xml:55:13-36
70            android:launchMode="singleTask"
70-->src/main/AndroidManifest.xml:57:13-44
71            android:theme="@style/Theme.MultiCloneApp" >
71-->src/main/AndroidManifest.xml:56:13-55
72            <intent-filter>
72-->src/main/AndroidManifest.xml:58:13-61:29
73                <action android:name="android.intent.action.MAIN" />
73-->src/main/AndroidManifest.xml:47:17-69
73-->src/main/AndroidManifest.xml:47:25-66
74
75                <category android:name="android.intent.category.DEFAULT" />
75-->src/main/AndroidManifest.xml:60:17-76
75-->src/main/AndroidManifest.xml:60:27-73
76            </intent-filter>
77
78            <!-- Handle custom URI scheme -->
79            <intent-filter>
79-->src/main/AndroidManifest.xml:64:13-69:29
80                <action android:name="android.intent.action.VIEW" />
80-->src/main/AndroidManifest.xml:65:17-69
80-->src/main/AndroidManifest.xml:65:25-66
81
82                <category android:name="android.intent.category.DEFAULT" />
82-->src/main/AndroidManifest.xml:60:17-76
82-->src/main/AndroidManifest.xml:60:27-73
83                <category android:name="android.intent.category.BROWSABLE" />
83-->src/main/AndroidManifest.xml:67:17-78
83-->src/main/AndroidManifest.xml:67:27-75
84
85                <data android:scheme="multiclone" />
85-->src/main/AndroidManifest.xml:68:17-53
85-->src/main/AndroidManifest.xml:68:23-50
86            </intent-filter>
87        </activity>
88
89        <!-- File provider for sharing files between clone instances -->
90        <provider
91            android:name="androidx.core.content.FileProvider"
91-->src/main/AndroidManifest.xml:74:13-62
92            android:authorities="com.multiclone.app.debug.fileprovider"
92-->src/main/AndroidManifest.xml:75:13-64
93            android:exported="false"
93-->src/main/AndroidManifest.xml:76:13-37
94            android:grantUriPermissions="true" >
94-->src/main/AndroidManifest.xml:77:13-47
95            <meta-data
95-->src/main/AndroidManifest.xml:78:13-80:54
96                android:name="android.support.FILE_PROVIDER_PATHS"
96-->src/main/AndroidManifest.xml:79:17-67
97                android:resource="@xml/file_paths" />
97-->src/main/AndroidManifest.xml:80:17-51
98        </provider>
99
100        <!-- Background service for managing clones -->
101        <service
101-->src/main/AndroidManifest.xml:84:9-86:40
102            android:name="com.multiclone.app.domain.virtualization.CloneManagerService"
102-->src/main/AndroidManifest.xml:85:13-70
103            android:exported="false" />
103-->src/main/AndroidManifest.xml:86:13-37
104
105        <provider
105-->[androidx.work:work-runtime:2.8.1] AndroidManifest.xml:29:9-37:20
106            android:name="androidx.startup.InitializationProvider"
106-->[androidx.work:work-runtime:2.8.1] AndroidManifest.xml:30:13-67
107            android:authorities="com.multiclone.app.debug.androidx-startup"
107-->[androidx.work:work-runtime:2.8.1] AndroidManifest.xml:31:13-68
108            android:exported="false" >
108-->[androidx.work:work-runtime:2.8.1] AndroidManifest.xml:32:13-37
109            <meta-data
109-->[androidx.work:work-runtime:2.8.1] AndroidManifest.xml:34:13-36:52
110                android:name="androidx.work.WorkManagerInitializer"
110-->[androidx.work:work-runtime:2.8.1] AndroidManifest.xml:35:17-68
111                android:value="androidx.startup" />
111-->[androidx.work:work-runtime:2.8.1] AndroidManifest.xml:36:17-49
112            <meta-data
112-->[androidx.emoji2:emoji2:1.4.0] AndroidManifest.xml:29:13-31:52
113                android:name="androidx.emoji2.text.EmojiCompatInitializer"
113-->[androidx.emoji2:emoji2:1.4.0] AndroidManifest.xml:30:17-75
114                android:value="androidx.startup" />
114-->[androidx.emoji2:emoji2:1.4.0] AndroidManifest.xml:31:17-49
115            <meta-data
115-->[androidx.lifecycle:lifecycle-process:2.6.1] AndroidManifest.xml:29:13-31:52
116                android:name="androidx.lifecycle.ProcessLifecycleInitializer"
116-->[androidx.lifecycle:lifecycle-process:2.6.1] AndroidManifest.xml:30:17-78
117                android:value="androidx.startup" />
117-->[androidx.lifecycle:lifecycle-process:2.6.1] AndroidManifest.xml:31:17-49
118            <meta-data
118-->[androidx.profileinstaller:profileinstaller:1.3.0] AndroidManifest.xml:29:13-31:52
119                android:name="androidx.profileinstaller.ProfileInstallerInitializer"
119-->[androidx.profileinstaller:profileinstaller:1.3.0] AndroidManifest.xml:30:17-85
120                android:value="androidx.startup" />
120-->[androidx.profileinstaller:profileinstaller:1.3.0] AndroidManifest.xml:31:17-49
121        </provider>
122
123        <service
123-->[androidx.work:work-runtime:2.8.1] AndroidManifest.xml:39:9-45:35
124            android:name="androidx.work.impl.background.systemalarm.SystemAlarmService"
124-->[androidx.work:work-runtime:2.8.1] AndroidManifest.xml:40:13-88
125            android:directBootAware="false"
125-->[androidx.work:work-runtime:2.8.1] AndroidManifest.xml:41:13-44
126            android:enabled="@bool/enable_system_alarm_service_default"
126-->[androidx.work:work-runtime:2.8.1] AndroidManifest.xml:42:13-72
127            android:exported="false" />
127-->[androidx.work:work-runtime:2.8.1] AndroidManifest.xml:43:13-37
128        <service
128-->[androidx.work:work-runtime:2.8.1] AndroidManifest.xml:46:9-52:35
129            android:name="androidx.work.impl.background.systemjob.SystemJobService"
129-->[androidx.work:work-runtime:2.8.1] AndroidManifest.xml:47:13-84
130            android:directBootAware="false"
130-->[androidx.work:work-runtime:2.8.1] AndroidManifest.xml:48:13-44
131            android:enabled="@bool/enable_system_job_service_default"
131-->[androidx.work:work-runtime:2.8.1] AndroidManifest.xml:49:13-70
132            android:exported="true"
132-->[androidx.work:work-runtime:2.8.1] AndroidManifest.xml:50:13-36
133            android:permission="android.permission.BIND_JOB_SERVICE" />
133-->[androidx.work:work-runtime:2.8.1] AndroidManifest.xml:51:13-69
134        <service
134-->[androidx.work:work-runtime:2.8.1] AndroidManifest.xml:53:9-59:35
135            android:name="androidx.work.impl.foreground.SystemForegroundService"
135-->[androidx.work:work-runtime:2.8.1] AndroidManifest.xml:54:13-81
136            android:directBootAware="false"
136-->[androidx.work:work-runtime:2.8.1] AndroidManifest.xml:55:13-44
137            android:enabled="@bool/enable_system_foreground_service_default"
137-->[androidx.work:work-runtime:2.8.1] AndroidManifest.xml:56:13-77
138            android:exported="false" />
138-->[androidx.work:work-runtime:2.8.1] AndroidManifest.xml:57:13-37
139
140        <receiver
140-->[androidx.work:work-runtime:2.8.1] AndroidManifest.xml:61:9-66:35
141            android:name="androidx.work.impl.utils.ForceStopRunnable$BroadcastReceiver"
141-->[androidx.work:work-runtime:2.8.1] AndroidManifest.xml:62:13-88
142            android:directBootAware="false"
142-->[androidx.work:work-runtime:2.8.1] AndroidManifest.xml:63:13-44
143            android:enabled="true"
143-->[androidx.work:work-runtime:2.8.1] AndroidManifest.xml:64:13-35
144            android:exported="false" />
144-->[androidx.work:work-runtime:2.8.1] AndroidManifest.xml:65:13-37
145        <receiver
145-->[androidx.work:work-runtime:2.8.1] AndroidManifest.xml:67:9-77:20
146            android:name="androidx.work.impl.background.systemalarm.ConstraintProxy$BatteryChargingProxy"
146-->[androidx.work:work-runtime:2.8.1] AndroidManifest.xml:68:13-106
147            android:directBootAware="false"
147-->[androidx.work:work-runtime:2.8.1] AndroidManifest.xml:69:13-44
148            android:enabled="false"
148-->[androidx.work:work-runtime:2.8.1] AndroidManifest.xml:70:13-36
149            android:exported="false" >
149-->[androidx.work:work-runtime:2.8.1] AndroidManifest.xml:71:13-37
150            <intent-filter>
150-->[androidx.work:work-runtime:2.8.1] AndroidManifest.xml:73:13-76:29
151                <action android:name="android.intent.action.ACTION_POWER_CONNECTED" />
151-->[androidx.work:work-runtime:2.8.1] AndroidManifest.xml:74:17-87
151-->[androidx.work:work-runtime:2.8.1] AndroidManifest.xml:74:25-84
152                <action android:name="android.intent.action.ACTION_POWER_DISCONNECTED" />
152-->[androidx.work:work-runtime:2.8.1] AndroidManifest.xml:75:17-90
152-->[androidx.work:work-runtime:2.8.1] AndroidManifest.xml:75:25-87
153            </intent-filter>
154        </receiver>
155        <receiver
155-->[androidx.work:work-runtime:2.8.1] AndroidManifest.xml:78:9-88:20
156            android:name="androidx.work.impl.background.systemalarm.ConstraintProxy$BatteryNotLowProxy"
156-->[androidx.work:work-runtime:2.8.1] AndroidManifest.xml:79:13-104
157            android:directBootAware="false"
157-->[androidx.work:work-runtime:2.8.1] AndroidManifest.xml:80:13-44
158            android:enabled="false"
158-->[androidx.work:work-runtime:2.8.1] AndroidManifest.xml:81:13-36
159            android:exported="false" >
159-->[androidx.work:work-runtime:2.8.1] AndroidManifest.xml:82:13-37
160            <intent-filter>
160-->[androidx.work:work-runtime:2.8.1] AndroidManifest.xml:84:13-87:29
161                <action android:name="android.intent.action.BATTERY_OKAY" />
161-->[androidx.work:work-runtime:2.8.1] AndroidManifest.xml:85:17-77
161-->[androidx.work:work-runtime:2.8.1] AndroidManifest.xml:85:25-74
162                <action android:name="android.intent.action.BATTERY_LOW" />
162-->[androidx.work:work-runtime:2.8.1] AndroidManifest.xml:86:17-76
162-->[androidx.work:work-runtime:2.8.1] AndroidManifest.xml:86:25-73
163            </intent-filter>
164        </receiver>
165        <receiver
165-->[androidx.work:work-runtime:2.8.1] AndroidManifest.xml:89:9-99:20
166            android:name="androidx.work.impl.background.systemalarm.ConstraintProxy$StorageNotLowProxy"
166-->[androidx.work:work-runtime:2.8.1] AndroidManifest.xml:90:13-104
167            android:directBootAware="false"
167-->[androidx.work:work-runtime:2.8.1] AndroidManifest.xml:91:13-44
168            android:enabled="false"
168-->[androidx.work:work-runtime:2.8.1] AndroidManifest.xml:92:13-36
169            android:exported="false" >
169-->[androidx.work:work-runtime:2.8.1] AndroidManifest.xml:93:13-37
170            <intent-filter>
170-->[androidx.work:work-runtime:2.8.1] AndroidManifest.xml:95:13-98:29
171                <action android:name="android.intent.action.DEVICE_STORAGE_LOW" />
171-->[androidx.work:work-runtime:2.8.1] AndroidManifest.xml:96:17-83
171-->[androidx.work:work-runtime:2.8.1] AndroidManifest.xml:96:25-80
172                <action android:name="android.intent.action.DEVICE_STORAGE_OK" />
172-->[androidx.work:work-runtime:2.8.1] AndroidManifest.xml:97:17-82
172-->[androidx.work:work-runtime:2.8.1] AndroidManifest.xml:97:25-79
173            </intent-filter>
174        </receiver>
175        <receiver
175-->[androidx.work:work-runtime:2.8.1] AndroidManifest.xml:100:9-109:20
176            android:name="androidx.work.impl.background.systemalarm.ConstraintProxy$NetworkStateProxy"
176-->[androidx.work:work-runtime:2.8.1] AndroidManifest.xml:101:13-103
177            android:directBootAware="false"
177-->[androidx.work:work-runtime:2.8.1] AndroidManifest.xml:102:13-44
178            android:enabled="false"
178-->[androidx.work:work-runtime:2.8.1] AndroidManifest.xml:103:13-36
179            android:exported="false" >
179-->[androidx.work:work-runtime:2.8.1] AndroidManifest.xml:104:13-37
180            <intent-filter>
180-->[androidx.work:work-runtime:2.8.1] AndroidManifest.xml:106:13-108:29
181                <action android:name="android.net.conn.CONNECTIVITY_CHANGE" />
181-->[androidx.work:work-runtime:2.8.1] AndroidManifest.xml:107:17-79
181-->[androidx.work:work-runtime:2.8.1] AndroidManifest.xml:107:25-76
182            </intent-filter>
183        </receiver>
184        <receiver
184-->[androidx.work:work-runtime:2.8.1] AndroidManifest.xml:110:9-121:20
185            android:name="androidx.work.impl.background.systemalarm.RescheduleReceiver"
185-->[androidx.work:work-runtime:2.8.1] AndroidManifest.xml:111:13-88
186            android:directBootAware="false"
186-->[androidx.work:work-runtime:2.8.1] AndroidManifest.xml:112:13-44
187            android:enabled="false"
187-->[androidx.work:work-runtime:2.8.1] AndroidManifest.xml:113:13-36
188            android:exported="false" >
188-->[androidx.work:work-runtime:2.8.1] AndroidManifest.xml:114:13-37
189            <intent-filter>
189-->[androidx.work:work-runtime:2.8.1] AndroidManifest.xml:116:13-120:29
190                <action android:name="android.intent.action.BOOT_COMPLETED" />
190-->[androidx.work:work-runtime:2.8.1] AndroidManifest.xml:117:17-79
190-->[androidx.work:work-runtime:2.8.1] AndroidManifest.xml:117:25-76
191                <action android:name="android.intent.action.TIME_SET" />
191-->[androidx.work:work-runtime:2.8.1] AndroidManifest.xml:118:17-73
191-->[androidx.work:work-runtime:2.8.1] AndroidManifest.xml:118:25-70
192                <action android:name="android.intent.action.TIMEZONE_CHANGED" />
192-->[androidx.work:work-runtime:2.8.1] AndroidManifest.xml:119:17-81
192-->[androidx.work:work-runtime:2.8.1] AndroidManifest.xml:119:25-78
193            </intent-filter>
194        </receiver>
195        <receiver
195-->[androidx.work:work-runtime:2.8.1] AndroidManifest.xml:122:9-131:20
196            android:name="androidx.work.impl.background.systemalarm.ConstraintProxyUpdateReceiver"
196-->[androidx.work:work-runtime:2.8.1] AndroidManifest.xml:123:13-99
197            android:directBootAware="false"
197-->[androidx.work:work-runtime:2.8.1] AndroidManifest.xml:124:13-44
198            android:enabled="@bool/enable_system_alarm_service_default"
198-->[androidx.work:work-runtime:2.8.1] AndroidManifest.xml:125:13-72
199            android:exported="false" >
199-->[androidx.work:work-runtime:2.8.1] AndroidManifest.xml:126:13-37
200            <intent-filter>
200-->[androidx.work:work-runtime:2.8.1] AndroidManifest.xml:128:13-130:29
201                <action android:name="androidx.work.impl.background.systemalarm.UpdateProxies" />
201-->[androidx.work:work-runtime:2.8.1] AndroidManifest.xml:129:17-98
201-->[androidx.work:work-runtime:2.8.1] AndroidManifest.xml:129:25-95
202            </intent-filter>
203        </receiver>
204        <receiver
204-->[androidx.work:work-runtime:2.8.1] AndroidManifest.xml:132:9-142:20
205            android:name="androidx.work.impl.diagnostics.DiagnosticsReceiver"
205-->[androidx.work:work-runtime:2.8.1] AndroidManifest.xml:133:13-78
206            android:directBootAware="false"
206-->[androidx.work:work-runtime:2.8.1] AndroidManifest.xml:134:13-44
207            android:enabled="true"
207-->[androidx.work:work-runtime:2.8.1] AndroidManifest.xml:135:13-35
208            android:exported="true"
208-->[androidx.work:work-runtime:2.8.1] AndroidManifest.xml:136:13-36
209            android:permission="android.permission.DUMP" >
209-->[androidx.work:work-runtime:2.8.1] AndroidManifest.xml:137:13-57
210            <intent-filter>
210-->[androidx.work:work-runtime:2.8.1] AndroidManifest.xml:139:13-141:29
211                <action android:name="androidx.work.diagnostics.REQUEST_DIAGNOSTICS" />
211-->[androidx.work:work-runtime:2.8.1] AndroidManifest.xml:140:17-88
211-->[androidx.work:work-runtime:2.8.1] AndroidManifest.xml:140:25-85
212            </intent-filter>
213        </receiver>
214
215        <activity
215-->[androidx.compose.ui:ui-test-manifest:1.5.0] AndroidManifest.xml:23:9-25:39
216            android:name="androidx.activity.ComponentActivity"
216-->[androidx.compose.ui:ui-test-manifest:1.5.0] AndroidManifest.xml:24:13-63
217            android:exported="true" />
217-->[androidx.compose.ui:ui-test-manifest:1.5.0] AndroidManifest.xml:25:13-36
218        <activity
218-->[androidx.compose.ui:ui-tooling-android:1.5.0] AndroidManifest.xml:23:9-25:39
219            android:name="androidx.compose.ui.tooling.PreviewActivity"
219-->[androidx.compose.ui:ui-tooling-android:1.5.0] AndroidManifest.xml:24:13-71
220            android:exported="true" />
220-->[androidx.compose.ui:ui-tooling-android:1.5.0] AndroidManifest.xml:25:13-36
221
222        <uses-library
222-->[androidx.window:window:1.0.0] AndroidManifest.xml:25:9-27:40
223            android:name="androidx.window.extensions"
223-->[androidx.window:window:1.0.0] AndroidManifest.xml:26:13-54
224            android:required="false" />
224-->[androidx.window:window:1.0.0] AndroidManifest.xml:27:13-37
225        <uses-library
225-->[androidx.window:window:1.0.0] AndroidManifest.xml:28:9-30:40
226            android:name="androidx.window.sidecar"
226-->[androidx.window:window:1.0.0] AndroidManifest.xml:29:13-51
227            android:required="false" />
227-->[androidx.window:window:1.0.0] AndroidManifest.xml:30:13-37
228
229        <service
229-->[androidx.room:room-runtime:2.5.0] AndroidManifest.xml:24:9-28:63
230            android:name="androidx.room.MultiInstanceInvalidationService"
230-->[androidx.room:room-runtime:2.5.0] AndroidManifest.xml:25:13-74
231            android:directBootAware="true"
231-->[androidx.room:room-runtime:2.5.0] AndroidManifest.xml:26:13-43
232            android:exported="false" />
232-->[androidx.room:room-runtime:2.5.0] AndroidManifest.xml:27:13-37
233
234        <receiver
234-->[androidx.profileinstaller:profileinstaller:1.3.0] AndroidManifest.xml:34:9-52:20
235            android:name="androidx.profileinstaller.ProfileInstallReceiver"
235-->[androidx.profileinstaller:profileinstaller:1.3.0] AndroidManifest.xml:35:13-76
236            android:directBootAware="false"
236-->[androidx.profileinstaller:profileinstaller:1.3.0] AndroidManifest.xml:36:13-44
237            android:enabled="true"
237-->[androidx.profileinstaller:profileinstaller:1.3.0] AndroidManifest.xml:37:13-35
238            android:exported="true"
238-->[androidx.profileinstaller:profileinstaller:1.3.0] AndroidManifest.xml:38:13-36
239            android:permission="android.permission.DUMP" >
239-->[androidx.profileinstaller:profileinstaller:1.3.0] AndroidManifest.xml:39:13-57
240            <intent-filter>
240-->[androidx.profileinstaller:profileinstaller:1.3.0] AndroidManifest.xml:40:13-42:29
241                <action android:name="androidx.profileinstaller.action.INSTALL_PROFILE" />
241-->[androidx.profileinstaller:profileinstaller:1.3.0] AndroidManifest.xml:41:17-91
241-->[androidx.profileinstaller:profileinstaller:1.3.0] AndroidManifest.xml:41:25-88
242            </intent-filter>
243            <intent-filter>
243-->[androidx.profileinstaller:profileinstaller:1.3.0] AndroidManifest.xml:43:13-45:29
244                <action android:name="androidx.profileinstaller.action.SKIP_FILE" />
244-->[androidx.profileinstaller:profileinstaller:1.3.0] AndroidManifest.xml:44:17-85
244-->[androidx.profileinstaller:profileinstaller:1.3.0] AndroidManifest.xml:44:25-82
245            </intent-filter>
246            <intent-filter>
246-->[androidx.profileinstaller:profileinstaller:1.3.0] AndroidManifest.xml:46:13-48:29
247                <action android:name="androidx.profileinstaller.action.SAVE_PROFILE" />
247-->[androidx.profileinstaller:profileinstaller:1.3.0] AndroidManifest.xml:47:17-88
247-->[androidx.profileinstaller:profileinstaller:1.3.0] AndroidManifest.xml:47:25-85
248            </intent-filter>
249            <intent-filter>
249-->[androidx.profileinstaller:profileinstaller:1.3.0] AndroidManifest.xml:49:13-51:29
250                <action android:name="androidx.profileinstaller.action.BENCHMARK_OPERATION" />
250-->[androidx.profileinstaller:profileinstaller:1.3.0] AndroidManifest.xml:50:17-95
250-->[androidx.profileinstaller:profileinstaller:1.3.0] AndroidManifest.xml:50:25-92
251            </intent-filter>
252        </receiver>
253    </application>
254
255</manifest>